Started GET "/" for 127.0.0.1 at 2018-10-09 12:41:37 -0700
Processing by Rails::WelcomeController#index as HTML
Completed 500 Internal Server Error in 230ms


  
Gem::LoadError (Specified 'sqlite3' for database adapter, but the gem is not loaded. Add `gem 'sqlite3'` to your Gemfile (and ensure its version is at the minimum required by ActiveRecord).):
  
vendor/bundle/ruby/2.3.0/gems/activerecord-5.1.6/lib/active_record/connection_adapters/connection_specification.rb:188:in `rescue in spec'
vendor/bundle/ruby/2.3.0/gems/activerecord-5.1.6/lib/active_record/connection_adapters/connection_specification.rb:185:in `spec'
vendor/bundle/ruby/2.3.0/gems/activerecord-5.1.6/lib/active_record/connection_adapters/abstract/connection_pool.rb:880:in `establish_connection'
vendor/bundle/ruby/2.3.0/gems/activerecord-5.1.6/lib/active_record/connection_handling.rb:58:in `establish_connection'
vendor/bundle/ruby/2.3.0/gems/activerecord-5.1.6/lib/active_record/railtie.rb:124:in `block (2 levels) in <class:Railtie>'
vendor/bundle/ruby/2.3.0/gems/activesupport-5.1.6/lib/active_support/lazy_load_hooks.rb:69:in `instance_eval'
vendor/bundle/ruby/2.3.0/gems/activesupport-5.1.6/lib/active_support/lazy_load_hooks.rb:69:in `block in execute_hook'
vendor/bundle/ruby/2.3.0/gems/activesupport-5.1.6/lib/active_support/lazy_load_hooks.rb:60:in `with_execution_control'
vendor/bundle/ruby/2.3.0/gems/activesupport-5.1.6/lib/active_support/lazy_load_hooks.rb:65:in `execute_hook'
vendor/bundle/ruby/2.3.0/gems/activesupport-5.1.6/lib/active_support/lazy_load_hooks.rb:50:in `block in run_load_hooks'
vendor/bundle/ruby/2.3.0/gems/activesupport-5.1.6/lib/active_support/lazy_load_hooks.rb:49:in `each'
vendor/bundle/ruby/2.3.0/gems/activesupport-5.1.6/lib/active_support/lazy_load_hooks.rb:49:in `run_load_hooks'
vendor/bundle/ruby/2.3.0/gems/activerecord-5.1.6/lib/active_record/base.rb:326:in `<module:ActiveRecord>'
vendor/bundle/ruby/2.3.0/gems/activerecord-5.1.6/lib/active_record/base.rb:25:in `<top (required)>'
vendor/bundle/ruby/2.3.0/gems/activesupport-5.1.6/lib/active_support/dependencies.rb:292:in `require'
vendor/bundle/ruby/2.3.0/gems/activesupport-5.1.6/lib/active_support/dependencies.rb:292:in `block in require'
vendor/bundle/ruby/2.3.0/gems/activesupport-5.1.6/lib/active_support/dependencies.rb:258:in `load_dependency'
vendor/bundle/ruby/2.3.0/gems/activesupport-5.1.6/lib/active_support/dependencies.rb:292:in `require'
vendor/bundle/ruby/2.3.0/gems/activerecord-5.1.6/lib/active_record/railties/controller_runtime.rb:26:in `cleanup_view_runtime'
vendor/bundle/ruby/2.3.0/gems/actionpack-5.1.6/lib/action_controller/metal/instrumentation.rb:43:in `render'
vendor/bundle/ruby/2.3.0/gems/actionpack-5.1.6/lib/action_controller/metal/implicit_render.rb:33:in `default_render'
vendor/bundle/ruby/2.3.0/gems/actionpack-5.1.6/lib/action_controller/metal/basic_implicit_render.rb:4:in `block in send_action'
vendor/bundle/ruby/2.3.0/gems/actionpack-5.1.6/lib/action_controller/metal/basic_implicit_render.rb:4:in `tap'
vendor/bundle/ruby/2.3.0/gems/actionpack-5.1.6/lib/action_controller/metal/basic_implicit_render.rb:4:in `send_action'
vendor/bundle/ruby/2.3.0/gems/actionpack-5.1.6/lib/abstract_controller/base.rb:186:in `process_action'
vendor/bundle/ruby/2.3.0/gems/actionpack-5.1.6/lib/action_controller/metal/rendering.rb:30:in `process_action'
vendor/bundle/ruby/2.3.0/gems/actionpack-5.1.6/lib/abstract_controller/callbacks.rb:20:in `block in process_action'
vendor/bundle/ruby/2.3.0/gems/activesupport-5.1.6/lib/active_support/callbacks.rb:131:in `run_callbacks'
vendor/bundle/ruby/2.3.0/gems/actionpack-5.1.6/lib/abstract_controller/callbacks.rb:19:in `process_action'
vendor/bundle/ruby/2.3.0/gems/actionpack-5.1.6/lib/action_controller/metal/rescue.rb:20:in `process_action'
vendor/bundle/ruby/2.3.0/gems/actionpack-5.1.6/lib/action_controller/metal/instrumentation.rb:32:in `block in process_action'
vendor/bundle/ruby/2.3.0/gems/activesupport-5.1.6/lib/active_support/notifications.rb:166:in `block in instrument'
vendor/bundle/ruby/2.3.0/gems/activesupport-5.1.6/lib/active_support/notifications/instrumenter.rb:21:in `instrument'
vendor/bundle/ruby/2.3.0/gems/activesupport-5.1.6/lib/active_support/notifications.rb:166:in `instrument'
vendor/bundle/ruby/2.3.0/gems/actionpack-5.1.6/lib/action_controller/metal/instrumentation.rb:30:in `process_action'
vendor/bundle/ruby/2.3.0/gems/actionpack-5.1.6/lib/action_controller/metal/params_wrapper.rb:252:in `process_action'
vendor/bundle/ruby/2.3.0/gems/activerecord-5.1.6/lib/active_record/railties/controller_runtime.rb:22:in `process_action'
vendor/bundle/ruby/2.3.0/gems/actionpack-5.1.6/lib/abstract_controller/base.rb:124:in `process'
vendor/bundle/ruby/2.3.0/gems/actionview-5.1.6/lib/action_view/rendering.rb:30:in `process'
vendor/bundle/ruby/2.3.0/gems/actionpack-5.1.6/lib/action_controller/metal.rb:189:in `dispatch'
vendor/bundle/ruby/2.3.0/gems/actionpack-5.1.6/lib/action_controller/metal.rb:253:in `dispatch'
vendor/bundle/ruby/2.3.0/gems/actionpack-5.1.6/lib/action_dispatch/routing/route_set.rb:49:in `dispatch'
vendor/bundle/ruby/2.3.0/gems/actionpack-5.1.6/lib/action_dispatch/routing/route_set.rb:31:in `serve'
vendor/bundle/ruby/2.3.0/gems/actionpack-5.1.6/lib/action_dispatch/journey/router.rb:50:in `block in serve'
vendor/bundle/ruby/2.3.0/gems/actionpack-5.1.6/lib/action_dispatch/journey/router.rb:33:in `each'
vendor/bundle/ruby/2.3.0/gems/actionpack-5.1.6/lib/action_dispatch/journey/router.rb:33:in `serve'
vendor/bundle/ruby/2.3.0/gems/actionpack-5.1.6/lib/action_dispatch/routing/route_set.rb:844:in `call'
vendor/bundle/ruby/2.3.0/gems/rack-2.0.5/lib/rack/etag.rb:25:in `call'
vendor/bundle/ruby/2.3.0/gems/rack-2.0.5/lib/rack/conditional_get.rb:25:in `call'
vendor/bundle/ruby/2.3.0/gems/rack-2.0.5/lib/rack/head.rb:12:in `call'
vendor/bundle/ruby/2.3.0/gems/rack-2.0.5/lib/rack/session/abstract/id.rb:232:in `context'
vendor/bundle/ruby/2.3.0/gems/rack-2.0.5/lib/rack/session/abstract/id.rb:226:in `call'
vendor/bundle/ruby/2.3.0/gems/actionpack-5.1.6/lib/action_dispatch/middleware/cookies.rb:613:in `call'
vendor/bundle/ruby/2.3.0/gems/activerecord-5.1.6/lib/active_record/migration.rb:556:in `call'
vendor/bundle/ruby/2.3.0/gems/actionpack-5.1.6/lib/action_dispatch/middleware/callbacks.rb:26:in `block in call'
vendor/bundle/ruby/2.3.0/gems/activesupport-5.1.6/lib/active_support/callbacks.rb:97:in `run_callbacks'
vendor/bundle/ruby/2.3.0/gems/actionpack-5.1.6/lib/action_dispatch/middleware/callbacks.rb:24:in `call'
vendor/bundle/ruby/2.3.0/gems/actionpack-5.1.6/lib/action_dispatch/middleware/executor.rb:12:in `call'
vendor/bundle/ruby/2.3.0/gems/actionpack-5.1.6/lib/action_dispatch/middleware/debug_exceptions.rb:59:in `call'
vendor/bundle/ruby/2.3.0/gems/web-console-3.7.0/lib/web_console/middleware.rb:135:in `call_app'
vendor/bundle/ruby/2.3.0/gems/web-console-3.7.0/lib/web_console/middleware.rb:30:in `block in call'
vendor/bundle/ruby/2.3.0/gems/web-console-3.7.0/lib/web_console/middleware.rb:20:in `catch'
vendor/bundle/ruby/2.3.0/gems/web-console-3.7.0/lib/web_console/middleware.rb:20:in `call'
vendor/bundle/ruby/2.3.0/gems/actionpack-5.1.6/lib/action_dispatch/middleware/show_exceptions.rb:31:in `call'
vendor/bundle/ruby/2.3.0/gems/railties-5.1.6/lib/rails/rack/logger.rb:36:in `call_app'
vendor/bundle/ruby/2.3.0/gems/railties-5.1.6/lib/rails/rack/logger.rb:24:in `block in call'
vendor/bundle/ruby/2.3.0/gems/activesupport-5.1.6/lib/active_support/tagged_logging.rb:69:in `block in tagged'
vendor/bundle/ruby/2.3.0/gems/activesupport-5.1.6/lib/active_support/tagged_logging.rb:26:in `tagged'
vendor/bundle/ruby/2.3.0/gems/activesupport-5.1.6/lib/active_support/tagged_logging.rb:69:in `tagged'
vendor/bundle/ruby/2.3.0/gems/railties-5.1.6/lib/rails/rack/logger.rb:24:in `call'
vendor/bundle/ruby/2.3.0/gems/sprockets-rails-3.2.1/lib/sprockets/rails/quiet_assets.rb:13:in `call'
vendor/bundle/ruby/2.3.0/gems/actionpack-5.1.6/lib/action_dispatch/middleware/remote_ip.rb:79:in `call'
vendor/bundle/ruby/2.3.0/gems/actionpack-5.1.6/lib/action_dispatch/middleware/request_id.rb:25:in `call'
vendor/bundle/ruby/2.3.0/gems/rack-2.0.5/lib/rack/method_override.rb:22:in `call'
vendor/bundle/ruby/2.3.0/gems/rack-2.0.5/lib/rack/runtime.rb:22:in `call'
vendor/bundle/ruby/2.3.0/gems/activesupport-5.1.6/lib/active_support/cache/strategy/local_cache_middleware.rb:27:in `call'
vendor/bundle/ruby/2.3.0/gems/actionpack-5.1.6/lib/action_dispatch/middleware/executor.rb:12:in `call'
vendor/bundle/ruby/2.3.0/gems/actionpack-5.1.6/lib/action_dispatch/middleware/static.rb:125:in `call'
vendor/bundle/ruby/2.3.0/gems/rack-2.0.5/lib/rack/sendfile.rb:111:in `call'
vendor/bundle/ruby/2.3.0/gems/railties-5.1.6/lib/rails/engine.rb:522:in `call'
vendor/bundle/ruby/2.3.0/gems/puma-3.12.0/lib/puma/configuration.rb:225:in `call'
vendor/bundle/ruby/2.3.0/gems/puma-3.12.0/lib/puma/server.rb:658:in `handle_request'
vendor/bundle/ruby/2.3.0/gems/puma-3.12.0/lib/puma/server.rb:472:in `process_client'
vendor/bundle/ruby/2.3.0/gems/puma-3.12.0/lib/puma/server.rb:332:in `block in run'
vendor/bundle/ruby/2.3.0/gems/puma-3.12.0/lib/puma/thread_pool.rb:133:in `block in spawn_thread'
Started GET "/" for 127.0.0.1 at 2018-10-09 12:41:52 -0700
Processing by Rails::WelcomeController#index as HTML
  Rendering vendor/bundle/ruby/2.3.0/gems/railties-5.1.6/lib/rails/templates/rails/welcome/index.html.erb
  Rendered vendor/bundle/ruby/2.3.0/gems/railties-5.1.6/lib/rails/templates/rails/welcome/index.html.erb (3.5ms)
Completed 200 OK in 13ms (Views: 7.9ms)


Started GET "/" for 127.0.0.1 at 2018-10-09 14:13:33 -0700
Processing by Rails::WelcomeController#index as HTML
  Rendering vendor/bundle/ruby/2.3.0/gems/railties-5.1.6/lib/rails/templates/rails/welcome/index.html.erb
  Rendered vendor/bundle/ruby/2.3.0/gems/railties-5.1.6/lib/rails/templates/rails/welcome/index.html.erb (3.6ms)
Completed 200 OK in 14ms (Views: 9.0ms)


Started GET "/" for 127.0.0.1 at 2018-10-09 14:13:34 -0700
Processing by Rails::WelcomeController#index as HTML
  Rendering vendor/bundle/ruby/2.3.0/gems/railties-5.1.6/lib/rails/templates/rails/welcome/index.html.erb
  Rendered vendor/bundle/ruby/2.3.0/gems/railties-5.1.6/lib/rails/templates/rails/welcome/index.html.erb (3.0ms)
Completed 200 OK in 13ms (Views: 8.2ms)


Started GET "/" for 127.0.0.1 at 2018-10-09 14:16:00 -0700
Processing by ApplicationController#hello as HTML
  Rendering html template
  Rendered html template (0.1ms)
Completed 200 OK in 3ms (Views: 2.3ms)


Started GET "/" for 127.0.0.1 at 2018-10-09 14:33:46 -0700
Processing by ApplicationController#hello as HTML
  Rendering html template
  Rendered html template (0.0ms)
Completed 200 OK in 1ms (Views: 0.4ms)


Started GET "/" for 127.0.0.1 at 2018-10-09 14:33:52 -0700
Processing by ApplicationController#hello as HTML
  Rendering html template
  Rendered html template (0.0ms)
Completed 200 OK in 1ms (Views: 0.3ms)


Started GET "/" for 127.0.0.1 at 2018-10-09 15:04:34 -0700
Processing by ApplicationController#hello as HTML
  Rendering html template
  Rendered html template (0.0ms)
Completed 200 OK in 1ms (Views: 0.4ms)


Started GET "/" for 127.0.0.1 at 2018-10-09 15:53:25 -0700
Processing by ApplicationController#hello as HTML
  Rendering html template
  Rendered html template (0.1ms)
Completed 200 OK in 1ms (Views: 0.5ms)


Started GET "/" for 127.0.0.1 at 2018-10-09 16:55:43 -0700
Processing by ApplicationController#hello as HTML
  Rendering html template
  Rendered html template (0.0ms)
Completed 200 OK in 1ms (Views: 0.5ms)


Started GET "/" for 127.0.0.1 at 2018-10-09 22:38:45 -0700
Processing by ApplicationController#hello as HTML
  Rendering html template
  Rendered html template (0.0ms)
Completed 200 OK in 1ms (Views: 0.4ms)


